<?xml version="1.0" encoding="UTF-8"?>
<testng-results ignored="0" total="4" passed="4" failed="0" skipped="0">
  <reporter-output>
  </reporter-output>
  <suite started-at="2025-06-19T20:35:37 IST" name="Suite" finished-at="2025-06-19T20:36:02 IST" duration-ms="25045">
    <groups>
    </groups>
    <test started-at="2025-06-19T20:35:37 IST" name="Test" finished-at="2025-06-19T20:36:02 IST" duration-ms="25045">
      <class name="testscripts.LoginTest">
        <test-method is-config="true" signature="browserInitialization(java.lang.String)[pri:0, instance:testscripts.LoginTest@37d4349f]" started-at="2025-06-19T20:35:37 IST" name="browserInitialization" finished-at="2025-06-19T20:35:42 IST" duration-ms="5663" status="PASS">
          <params>
            <param index="0">
              <value>
                <![CDATA[chrome]]>
              </value>
            </param>
          </params>
          <reporter-output>
          </reporter-output>
        </test-method> <!-- browserInitialization -->
        <test-method signature="verifyTheUserIsAbleToLoginUsingInvalidPassCredentials()[pri:0, instance:testscripts.LoginTest@37d4349f]" started-at="2025-06-19T20:35:42 IST" name="verifyTheUserIsAbleToLoginUsingInvalidPassCredentials" finished-at="2025-06-19T20:35:43 IST" duration-ms="579" status="PASS">
          <reporter-output>
          </reporter-output>
        </test-method> <!-- verifyTheUserIsAbleToLoginUsingInvalidPassCredentials -->
        <test-method is-config="true" signature="browserQuit(org.testng.ITestResult)[pri:0, instance:testscripts.LoginTest@37d4349f]" started-at="2025-06-19T20:35:43 IST" name="browserQuit" finished-at="2025-06-19T20:35:43 IST" duration-ms="244" status="PASS">
          <params>
            <param index="0">
              <value>
                <![CDATA[[TestResult name=verifyTheUserIsAbleToLoginUsingInvalidPassCredentials status=SUCCESS method=LoginTest.verifyTheUserIsAbleToLoginUsingInvalidPassCredentials()[pri:0, instance:testscripts.LoginTest@37d4349f] output={null}]]]>
              </value>
            </param>
          </params>
          <reporter-output>
          </reporter-output>
        </test-method> <!-- browserQuit -->
        <test-method is-config="true" signature="browserInitialization(java.lang.String)[pri:0, instance:testscripts.LoginTest@37d4349f]" started-at="2025-06-19T20:35:43 IST" name="browserInitialization" finished-at="2025-06-19T20:35:48 IST" duration-ms="4938" status="PASS">
          <params>
            <param index="0">
              <value>
                <![CDATA[chrome]]>
              </value>
            </param>
          </params>
          <reporter-output>
          </reporter-output>
        </test-method> <!-- browserInitialization -->
        <test-method signature="verifyTheUserIsAbleToLoginUsingInvalidUserAndPassCredentials()[pri:0, instance:testscripts.LoginTest@37d4349f]" started-at="2025-06-19T20:35:48 IST" name="verifyTheUserIsAbleToLoginUsingInvalidUserAndPassCredentials" finished-at="2025-06-19T20:35:50 IST" duration-ms="1549" status="PASS">
          <reporter-output>
          </reporter-output>
        </test-method> <!-- verifyTheUserIsAbleToLoginUsingInvalidUserAndPassCredentials -->
        <test-method is-config="true" signature="browserQuit(org.testng.ITestResult)[pri:0, instance:testscripts.LoginTest@37d4349f]" started-at="2025-06-19T20:35:50 IST" name="browserQuit" finished-at="2025-06-19T20:35:50 IST" duration-ms="208" status="PASS">
          <params>
            <param index="0">
              <value>
                <![CDATA[[TestResult name=verifyTheUserIsAbleToLoginUsingInvalidUserAndPassCredentials status=SUCCESS method=LoginTest.verifyTheUserIsAbleToLoginUsingInvalidUserAndPassCredentials()[pri:0, instance:testscripts.LoginTest@37d4349f] output={null}]]]>
              </value>
            </param>
          </params>
          <reporter-output>
          </reporter-output>
        </test-method> <!-- browserQuit -->
        <test-method is-config="true" signature="browserInitialization(java.lang.String)[pri:0, instance:testscripts.LoginTest@37d4349f]" started-at="2025-06-19T20:35:50 IST" name="browserInitialization" finished-at="2025-06-19T20:35:54 IST" duration-ms="4109" status="PASS">
          <params>
            <param index="0">
              <value>
                <![CDATA[chrome]]>
              </value>
            </param>
          </params>
          <reporter-output>
          </reporter-output>
        </test-method> <!-- browserInitialization -->
        <test-method signature="verifyTheUserIsAbleToLoginUsingInvalidUserCredentials()[pri:0, instance:testscripts.LoginTest@37d4349f]" started-at="2025-06-19T20:35:54 IST" name="verifyTheUserIsAbleToLoginUsingInvalidUserCredentials" finished-at="2025-06-19T20:35:55 IST" duration-ms="511" status="PASS">
          <reporter-output>
          </reporter-output>
        </test-method> <!-- verifyTheUserIsAbleToLoginUsingInvalidUserCredentials -->
        <test-method is-config="true" signature="browserQuit(org.testng.ITestResult)[pri:0, instance:testscripts.LoginTest@37d4349f]" started-at="2025-06-19T20:35:55 IST" name="browserQuit" finished-at="2025-06-19T20:35:55 IST" duration-ms="193" status="PASS">
          <params>
            <param index="0">
              <value>
                <![CDATA[[TestResult name=verifyTheUserIsAbleToLoginUsingInvalidUserCredentials status=SUCCESS method=LoginTest.verifyTheUserIsAbleToLoginUsingInvalidUserCredentials()[pri:0, instance:testscripts.LoginTest@37d4349f] output={null}]]]>
              </value>
            </param>
          </params>
          <reporter-output>
          </reporter-output>
        </test-method> <!-- browserQuit -->
        <test-method is-config="true" signature="browserInitialization(java.lang.String)[pri:0, instance:testscripts.LoginTest@37d4349f]" started-at="2025-06-19T20:35:55 IST" name="browserInitialization" finished-at="2025-06-19T20:35:59 IST" duration-ms="4122" status="PASS">
          <params>
            <param index="0">
              <value>
                <![CDATA[chrome]]>
              </value>
            </param>
          </params>
          <reporter-output>
          </reporter-output>
        </test-method> <!-- browserInitialization -->
        <test-method signature="verifyTheUserIsAbleToLoginUsingValidCredentials()[pri:0, instance:testscripts.LoginTest@37d4349f]" started-at="2025-06-19T20:35:59 IST" name="verifyTheUserIsAbleToLoginUsingValidCredentials" finished-at="2025-06-19T20:36:02 IST" duration-ms="2643" status="PASS">
          <reporter-output>
          </reporter-output>
        </test-method> <!-- verifyTheUserIsAbleToLoginUsingValidCredentials -->
        <test-method is-config="true" signature="browserQuit(org.testng.ITestResult)[pri:0, instance:testscripts.LoginTest@37d4349f]" started-at="2025-06-19T20:36:02 IST" name="browserQuit" finished-at="2025-06-19T20:36:02 IST" duration-ms="218" status="PASS">
          <params>
            <param index="0">
              <value>
                <![CDATA[[TestResult name=verifyTheUserIsAbleToLoginUsingValidCredentials status=SUCCESS method=LoginTest.verifyTheUserIsAbleToLoginUsingValidCredentials()[pri:0, instance:testscripts.LoginTest@37d4349f] output={null}]]]>
              </value>
            </param>
          </params>
          <reporter-output>
          </reporter-output>
        </test-method> <!-- browserQuit -->
      </class> <!-- testscripts.LoginTest -->
    </test> <!-- Test -->
  </suite> <!-- Suite -->
</testng-results>
