<?xml version="1.0" encoding="UTF-8"?>
<!-- Generated by org.testng.reporters.JUnitXMLReporter -->
<testsuite ignored="0" hostname="HP_MAROOR" failures="1" tests="4" name="Test" time="33.655" errors="0" timestamp="2025-06-20T21:34:54 IST">
  <testcase classname="testscripts.Base" name="@AfterMethod browserQuit" time="0.004">
    <failure type="java.lang.NoClassDefFoundError" message="utilities/ScreenshotUtility">
      <![CDATA[java.lang.NoClassDefFoundError: utilities/ScreenshotUtility
at testscripts.Base.browserQuit(Base.java:65)
at java.base/java.util.ArrayList.forEach(ArrayList.java:1596)
Caused by: java.lang.ClassNotFoundException: utilities.ScreenshotUtility
at java.base/jdk.internal.loader.BuiltinClassLoader.loadClass(BuiltinClassLoader.java:641)
at java.base/jdk.internal.loader.ClassLoaders$AppClassLoader.loadClass(ClassLoaders.java:188)
at java.base/java.lang.ClassLoader.loadClass(ClassLoader.java:526)
... 36 more
... Removed 34 stack frames]]>
    </failure>
  </testcase> <!-- @AfterMethod browserQuit -->
  <testcase classname="testscripts.LoginTest" name="verifyTheUserIsAbleToLoginUsingInvalidPassCredentials" time="0.02">
    <failure type="java.lang.NoClassDefFoundError" message="pages/LoginPage">
      <![CDATA[java.lang.NoClassDefFoundError: pages/LoginPage
at testscripts.LoginTest.verifyTheUserIsAbleToLoginUsingInvalidPassCredentials(LoginTest.java:45)
at java.base/java.util.ArrayList.forEach(ArrayList.java:1596)
Caused by: java.lang.ClassNotFoundException: pages.LoginPage
at java.base/jdk.internal.loader.BuiltinClassLoader.loadClass(BuiltinClassLoader.java:641)
at java.base/jdk.internal.loader.ClassLoaders$AppClassLoader.loadClass(ClassLoaders.java:188)
at java.base/java.lang.ClassLoader.loadClass(ClassLoader.java:526)
... 31 more
... Removed 29 stack frames]]>
    </failure>
  </testcase> <!-- verifyTheUserIsAbleToLoginUsingInvalidPassCredentials -->
  <testcase classname="testscripts.LoginTest" name="verifyTheUserIsAbleToLoginUsingInvalidUserAndPassCredentials" time="0.0">
    <skipped/>
  </testcase> <!-- verifyTheUserIsAbleToLoginUsingInvalidUserAndPassCredentials -->
  <testcase classname="testscripts.LoginTest" name="verifyTheUserIsAbleToLoginUsingInvalidUserCredentials" time="0.0">
    <skipped/>
  </testcase> <!-- verifyTheUserIsAbleToLoginUsingInvalidUserCredentials -->
  <testcase classname="testscripts.LoginTest" name="verifyTheUserIsAbleToLoginUsingValidCredentials" time="0.0">
    <skipped/>
  </testcase> <!-- verifyTheUserIsAbleToLoginUsingValidCredentials -->
</testsuite> <!-- Test -->
