<?xml version="1.0" encoding="UTF-8"?>
<testng-results ignored="0" total="4" passed="4" failed="0" skipped="0">
  <reporter-output>
  </reporter-output>
  <suite started-at="2025-06-20T21:51:46 IST" name="Suite" finished-at="2025-06-20T21:52:00 IST" duration-ms="13467">
    <groups>
      <group name="Regression">
        <method signature="LoginTest.verifyTheUserIsAbleToLoginUsingValidCredentials()[pri:0, instance:testscripts.LoginTest@69504ae9]" name="verifyTheUserIsAbleToLoginUsingValidCredentials" class="testscripts.LoginTest"/>
      </group> <!-- Regression -->
    </groups>
    <test started-at="2025-06-20T21:51:46 IST" name="Test" finished-at="2025-06-20T21:52:00 IST" duration-ms="13467">
      <class name="testscripts.LoginTest">
        <test-method is-config="true" signature="browserInitialization(java.lang.String)[pri:0, instance:testscripts.LoginTest@69504ae9]" started-at="2025-06-20T21:51:46 IST" name="browserInitialization" finished-at="2025-06-20T21:51:51 IST" duration-ms="4653" status="PASS">
          <params>
            <param index="0">
              <value>
                <![CDATA[chrome]]>
              </value>
            </param>
          </params>
          <reporter-output>
          </reporter-output>
        </test-method> <!-- browserInitialization -->
        <test-method signature="verifyTheUserIsAbleToLoginUsingInvalidPassCredentials()[pri:0, instance:testscripts.LoginTest@69504ae9]" started-at="2025-06-20T21:51:51 IST" name="verifyTheUserIsAbleToLoginUsingInvalidPassCredentials" finished-at="2025-06-20T21:51:51 IST" duration-ms="358" status="PASS">
          <reporter-output>
          </reporter-output>
        </test-method> <!-- verifyTheUserIsAbleToLoginUsingInvalidPassCredentials -->
        <test-method is-config="true" signature="browserQuit(org.testng.ITestResult)[pri:0, instance:testscripts.LoginTest@69504ae9]" started-at="2025-06-20T21:51:51 IST" name="browserQuit" finished-at="2025-06-20T21:51:52 IST" duration-ms="206" status="PASS">
          <params>
            <param index="0">
              <value>
                <![CDATA[[TestResult name=verifyTheUserIsAbleToLoginUsingInvalidPassCredentials status=SUCCESS method=LoginTest.verifyTheUserIsAbleToLoginUsingInvalidPassCredentials()[pri:0, instance:testscripts.LoginTest@69504ae9] output={null}]]]>
              </value>
            </param>
          </params>
          <reporter-output>
          </reporter-output>
        </test-method> <!-- browserQuit -->
        <test-method is-config="true" signature="browserInitialization(java.lang.String)[pri:0, instance:testscripts.LoginTest@69504ae9]" started-at="2025-06-20T21:51:52 IST" name="browserInitialization" finished-at="2025-06-20T21:51:53 IST" duration-ms="1730" status="PASS">
          <params>
            <param index="0">
              <value>
                <![CDATA[chrome]]>
              </value>
            </param>
          </params>
          <reporter-output>
          </reporter-output>
        </test-method> <!-- browserInitialization -->
        <test-method signature="verifyTheUserIsAbleToLoginUsingInvalidUserAndPassCredentials()[pri:0, instance:testscripts.LoginTest@69504ae9]" started-at="2025-06-20T21:51:53 IST" name="verifyTheUserIsAbleToLoginUsingInvalidUserAndPassCredentials" finished-at="2025-06-20T21:51:54 IST" duration-ms="304" status="PASS">
          <reporter-output>
          </reporter-output>
        </test-method> <!-- verifyTheUserIsAbleToLoginUsingInvalidUserAndPassCredentials -->
        <test-method is-config="true" signature="browserQuit(org.testng.ITestResult)[pri:0, instance:testscripts.LoginTest@69504ae9]" started-at="2025-06-20T21:51:54 IST" name="browserQuit" finished-at="2025-06-20T21:51:54 IST" duration-ms="161" status="PASS">
          <params>
            <param index="0">
              <value>
                <![CDATA[[TestResult name=verifyTheUserIsAbleToLoginUsingInvalidUserAndPassCredentials status=SUCCESS method=LoginTest.verifyTheUserIsAbleToLoginUsingInvalidUserAndPassCredentials()[pri:0, instance:testscripts.LoginTest@69504ae9] output={null}]]]>
              </value>
            </param>
          </params>
          <reporter-output>
          </reporter-output>
        </test-method> <!-- browserQuit -->
        <test-method is-config="true" signature="browserInitialization(java.lang.String)[pri:0, instance:testscripts.LoginTest@69504ae9]" started-at="2025-06-20T21:51:54 IST" name="browserInitialization" finished-at="2025-06-20T21:51:55 IST" duration-ms="1583" status="PASS">
          <params>
            <param index="0">
              <value>
                <![CDATA[chrome]]>
              </value>
            </param>
          </params>
          <reporter-output>
          </reporter-output>
        </test-method> <!-- browserInitialization -->
        <test-method signature="verifyTheUserIsAbleToLoginUsingInvalidUserCredentials()[pri:0, instance:testscripts.LoginTest@69504ae9]" started-at="2025-06-20T21:51:55 IST" name="verifyTheUserIsAbleToLoginUsingInvalidUserCredentials" finished-at="2025-06-20T21:51:56 IST" duration-ms="308" status="PASS">
          <reporter-output>
          </reporter-output>
        </test-method> <!-- verifyTheUserIsAbleToLoginUsingInvalidUserCredentials -->
        <test-method is-config="true" signature="browserQuit(org.testng.ITestResult)[pri:0, instance:testscripts.LoginTest@69504ae9]" started-at="2025-06-20T21:51:56 IST" name="browserQuit" finished-at="2025-06-20T21:51:56 IST" duration-ms="142" status="PASS">
          <params>
            <param index="0">
              <value>
                <![CDATA[[TestResult name=verifyTheUserIsAbleToLoginUsingInvalidUserCredentials status=SUCCESS method=LoginTest.verifyTheUserIsAbleToLoginUsingInvalidUserCredentials()[pri:0, instance:testscripts.LoginTest@69504ae9] output={null}]]]>
              </value>
            </param>
          </params>
          <reporter-output>
          </reporter-output>
        </test-method> <!-- browserQuit -->
        <test-method is-config="true" signature="browserInitialization(java.lang.String)[pri:0, instance:testscripts.LoginTest@69504ae9]" started-at="2025-06-20T21:51:56 IST" name="browserInitialization" finished-at="2025-06-20T21:51:58 IST" duration-ms="1786" status="PASS">
          <params>
            <param index="0">
              <value>
                <![CDATA[chrome]]>
              </value>
            </param>
          </params>
          <reporter-output>
          </reporter-output>
        </test-method> <!-- browserInitialization -->
        <test-method signature="verifyTheUserIsAbleToLoginUsingValidCredentials()[pri:0, instance:testscripts.LoginTest@69504ae9]" started-at="2025-06-20T21:51:58 IST" name="verifyTheUserIsAbleToLoginUsingValidCredentials" finished-at="2025-06-20T21:52:00 IST" duration-ms="2034" status="PASS">
          <reporter-output>
          </reporter-output>
        </test-method> <!-- verifyTheUserIsAbleToLoginUsingValidCredentials -->
        <test-method is-config="true" signature="browserQuit(org.testng.ITestResult)[pri:0, instance:testscripts.LoginTest@69504ae9]" started-at="2025-06-20T21:52:00 IST" name="browserQuit" finished-at="2025-06-20T21:52:00 IST" duration-ms="151" status="PASS">
          <params>
            <param index="0">
              <value>
                <![CDATA[[TestResult name=verifyTheUserIsAbleToLoginUsingValidCredentials status=SUCCESS method=LoginTest.verifyTheUserIsAbleToLoginUsingValidCredentials()[pri:0, instance:testscripts.LoginTest@69504ae9] output={null}]]]>
              </value>
            </param>
          </params>
          <reporter-output>
          </reporter-output>
        </test-method> <!-- browserQuit -->
      </class> <!-- testscripts.LoginTest -->
    </test> <!-- Test -->
  </suite> <!-- Suite -->
</testng-results>
