<?xml version="1.0" encoding="UTF-8"?>
<!-- Generated by org.testng.reporters.JUnitXMLReporter -->
<testsuite ignored="0" hostname="HP_MAROOR" failures="0" tests="5" name="Test" time="35.169" errors="0" timestamp="2025-06-13T20:34:25 IST">
  <testcase classname="testscripts.LoginTest" name="verifyTheUserIsAbleToLoginUsingInvalidPassCredentials" time="0.775"/>
  <testcase classname="testscripts.ManageNewsTest" name="clickOnMoreInfoInManageNews" time="12.398"/>
  <testcase classname="testscripts.LoginTest" name="verifyTheUserIsAbleToLoginUsingInvalidUserAndPassCredentials" time="0.979"/>
  <testcase classname="testscripts.LoginTest" name="verifyTheUserIsAbleToLoginUsingInvalidUserCredentials" time="0.611"/>
  <testcase classname="testscripts.LoginTest" name="verifyTheUserIsAbleToLoginUsingValidCredentials" time="1.211"/>
</testsuite> <!-- Test -->
